0 info it worked if it ends with ok
1 verbose cli [ 'node', '/usr/local/bin/npm', 'uninstall', 'gulp-clean' ]
2 info using npm@1.4.28
3 info using node@v0.10.33
4 verbose node_modules/gulp-clean unbuild
5 info preuninstall gulp-clean@0.3.1
6 info uninstall gulp-clean@0.3.1
7 verbose true,/Users/justin/Documents/Dev/Ang/Todo/todo/node_modules,/Users/justin/Documents/Dev/Ang/Todo/todo/node_modules unbuild gulp-clean@0.3.1
8 info postuninstall gulp-clean@0.3.1
9 error Error: EACCES, unlink '/Users/justin/Documents/Dev/Ang/Todo/todo/node_modules/gulp-clean/node_modules/.bin/rimraf'
9 error  { [Error: EACCES, unlink '/Users/justin/Documents/Dev/Ang/Todo/todo/node_modules/gulp-clean/node_modules/.bin/rimraf']
9 error   errno: 3,
9 error   code: 'EACCES',
9 error   path: '/Users/justin/Documents/Dev/Ang/Todo/todo/node_modules/gulp-clean/node_modules/.bin/rimraf' }
10 error Please try running this command again as root/Administrator.
11 error System Darwin 14.1.0
12 error command "node" "/usr/local/bin/npm" "uninstall" "gulp-clean"
13 error cwd /Users/justin/Documents/Dev/Ang/Todo/todo
14 error node -v v0.10.33
15 error npm -v 1.4.28
16 error path /Users/justin/Documents/Dev/Ang/Todo/todo/node_modules/gulp-clean/node_modules/.bin/rimraf
17 error code EACCES
18 error errno 3
19 error stack Error: EACCES, unlink '/Users/justin/Documents/Dev/Ang/Todo/todo/node_modules/gulp-clean/node_modules/.bin/rimraf'
20 verbose exit [ 3, true ]
